<?xml version="1.0" encoding="UTF-8"?>
<testsuites>
  <testsuite name="" tests="22" assertions="23" errors="0" warnings="0" failures="0" skipped="0" time="0.022118">
    <testsuite name="default" tests="22" assertions="23" errors="0" warnings="0" failures="0" skipped="0" time="0.022118">
      <testsuite name="App\Tests\Unit\Rule\RuleResult\ComplianceTest" file="/home/ubuntu/projects/php-clean-code/tests/Unit/Rule/RuleResult/ComplianceTest.php" tests="1" assertions="1" errors="0" warnings="0" failures="0" skipped="0" time="0.002778">
        <testcase name="testToString" class="App\Tests\Unit\Rule\RuleResult\ComplianceTest" classname="App.Tests.Unit.Rule.RuleResult.ComplianceTest" file="/home/ubuntu/projects/php-clean-code/tests/Unit/Rule/RuleResult/ComplianceTest.php" line="11" assertions="1" time="0.002778"/>
      </testsuite>
      <testsuite name="App\Tests\Unit\Rule\FileRuleResultsTest" file="/home/ubuntu/projects/php-clean-code/tests/Unit/Rule/FileRuleResultsTest.php" tests="3" assertions="3" errors="0" warnings="0" failures="0" skipped="0" time="0.003473">
        <testcase name="testToString" class="App\Tests\Unit\Rule\FileRuleResultsTest" classname="App.Tests.Unit.Rule.FileRuleResultsTest" file="/home/ubuntu/projects/php-clean-code/tests/Unit/Rule/FileRuleResultsTest.php" line="37" assertions="1" time="0.001837"/>
        <testcase name="testGetViolations" class="App\Tests\Unit\Rule\FileRuleResultsTest" classname="App.Tests.Unit.Rule.FileRuleResultsTest" file="/home/ubuntu/projects/php-clean-code/tests/Unit/Rule/FileRuleResultsTest.php" line="19" assertions="1" time="0.001345"/>
        <testcase name="testGetPath" class="App\Tests\Unit\Rule\FileRuleResultsTest" classname="App.Tests.Unit.Rule.FileRuleResultsTest" file="/home/ubuntu/projects/php-clean-code/tests/Unit/Rule/FileRuleResultsTest.php" line="12" assertions="1" time="0.000290"/>
      </testsuite>
      <testsuite name="App\Tests\Unit\Find\PhpFileFinderTest" file="/home/ubuntu/projects/php-clean-code/tests/Unit/Find/PhpFileFinderTest.php" tests="1" assertions="1" errors="0" warnings="0" failures="0" skipped="0" time="0.001947">
        <testcase name="testFindPhpFilesInPath" class="App\Tests\Unit\Find\PhpFileFinderTest" classname="App.Tests.Unit.Find.PhpFileFinderTest" file="/home/ubuntu/projects/php-clean-code/tests/Unit/Find/PhpFileFinderTest.php" line="11" assertions="1" time="0.001947"/>
      </testsuite>
      <testsuite name="App\Tests\Unit\Rule\RuleResult\ViolationTest" file="/home/ubuntu/projects/php-clean-code/tests/Unit/Rule/RuleResult/ViolationTest.php" tests="1" assertions="1" errors="0" warnings="0" failures="0" skipped="0" time="0.000832">
        <testcase name="testToString" class="App\Tests\Unit\Rule\RuleResult\ViolationTest" classname="App.Tests.Unit.Rule.RuleResult.ViolationTest" file="/home/ubuntu/projects/php-clean-code/tests/Unit/Rule/RuleResult/ViolationTest.php" line="11" assertions="1" time="0.000832"/>
      </testsuite>
      <testsuite name="App\Tests\Unit\Rule\ConcreteRule\CCK01SpareCommentsTest" file="/home/ubuntu/projects/php-clean-code/tests/Unit/Rule/ConcreteRule/CCK01SpareCommentsTest.php" tests="2" assertions="2" errors="0" warnings="0" failures="0" skipped="0" time="0.001344">
        <testsuite name="App\Tests\Unit\Rule\ConcreteRule\CCK01SpareCommentsTest::testCompliance" tests="1" assertions="1" errors="0" warnings="0" failures="0" skipped="0" time="0.000807">
          <testcase name="testCompliance with data set #0" class="App\Tests\Unit\Rule\ConcreteRule\CCK01SpareCommentsTest" classname="App.Tests.Unit.Rule.ConcreteRule.CCK01SpareCommentsTest" file="/home/ubuntu/projects/php-clean-code/tests/Unit/Rule/ConcreteRule/CCK01SpareCommentsTest.php" line="14" assertions="1" time="0.000807"/>
        </testsuite>
        <testsuite name="App\Tests\Unit\Rule\ConcreteRule\CCK01SpareCommentsTest::testViolation" tests="1" assertions="1" errors="0" warnings="0" failures="0" skipped="0" time="0.000538">
          <testcase name="testViolation with data set #0" class="App\Tests\Unit\Rule\ConcreteRule\CCK01SpareCommentsTest" classname="App.Tests.Unit.Rule.ConcreteRule.CCK01SpareCommentsTest" file="/home/ubuntu/projects/php-clean-code/tests/Unit/Rule/ConcreteRule/CCK01SpareCommentsTest.php" line="39" assertions="1" time="0.000538"/>
        </testsuite>
      </testsuite>
      <testsuite name="App\Tests\Unit\Rule\RuleCollectionTest" file="/home/ubuntu/projects/php-clean-code/tests/Unit/Rule/RuleCollectionTest.php" tests="4" assertions="4" errors="0" warnings="0" failures="0" skipped="0" time="0.005476">
        <testcase name="testGetTokenSequenceAwareRules" class="App\Tests\Unit\Rule\RuleCollectionTest" classname="App.Tests.Unit.Rule.RuleCollectionTest" file="/home/ubuntu/projects/php-clean-code/tests/Unit/Rule/RuleCollectionTest.php" line="43" assertions="1" time="0.001785"/>
        <testcase name="testGetNameNodeAwareRules" class="App\Tests\Unit\Rule\RuleCollectionTest" classname="App.Tests.Unit.Rule.RuleCollectionTest" file="/home/ubuntu/projects/php-clean-code/tests/Unit/Rule/RuleCollectionTest.php" line="57" assertions="1" time="0.001517"/>
        <testcase name="testGetCodeAwareRules" class="App\Tests\Unit\Rule\RuleCollectionTest" classname="App.Tests.Unit.Rule.RuleCollectionTest" file="/home/ubuntu/projects/php-clean-code/tests/Unit/Rule/RuleCollectionTest.php" line="29" assertions="1" time="0.001397"/>
        <testcase name="testGetClassNodeAwareRules" class="App\Tests\Unit\Rule\RuleCollectionTest" classname="App.Tests.Unit.Rule.RuleCollectionTest" file="/home/ubuntu/projects/php-clean-code/tests/Unit/Rule/RuleCollectionTest.php" line="15" assertions="1" time="0.000778"/>
      </testsuite>
      <testsuite name="App\Tests\Unit\Model\LineTest" file="/home/ubuntu/projects/php-clean-code/tests/Unit/Model/LineTest.php" tests="1" assertions="2" errors="0" warnings="0" failures="0" skipped="0" time="0.000455">
        <testcase name="testFromLineIndexAndContent" class="App\Tests\Unit\Model\LineTest" classname="App.Tests.Unit.Model.LineTest" file="/home/ubuntu/projects/php-clean-code/tests/Unit/Model/LineTest.php" line="10" assertions="2" time="0.000455"/>
      </testsuite>
      <testsuite name="App\Tests\Unit\Rule\ConcreteRule\CCF04HorizontalSizeLimitTest" file="/home/ubuntu/projects/php-clean-code/tests/Unit/Rule/ConcreteRule/CCF04HorizontalSizeLimitTest.php" tests="2" assertions="2" errors="0" warnings="0" failures="0" skipped="0" time="0.001196">
        <testsuite name="App\Tests\Unit\Rule\ConcreteRule\CCF04HorizontalSizeLimitTest::testCompliance" tests="1" assertions="1" errors="0" warnings="0" failures="0" skipped="0" time="0.000580">
          <testcase name="testCompliance with data set #0" class="App\Tests\Unit\Rule\ConcreteRule\CCF04HorizontalSizeLimitTest" classname="App.Tests.Unit.Rule.ConcreteRule.CCF04HorizontalSizeLimitTest" file="/home/ubuntu/projects/php-clean-code/tests/Unit/Rule/ConcreteRule/CCF04HorizontalSizeLimitTest.php" line="13" assertions="1" time="0.000580"/>
        </testsuite>
        <testsuite name="App\Tests\Unit\Rule\ConcreteRule\CCF04HorizontalSizeLimitTest::testViolation" tests="1" assertions="1" errors="0" warnings="0" failures="0" skipped="0" time="0.000616">
          <testcase name="testViolation with data set #0" class="App\Tests\Unit\Rule\ConcreteRule\CCF04HorizontalSizeLimitTest" classname="App.Tests.Unit.Rule.ConcreteRule.CCF04HorizontalSizeLimitTest" file="/home/ubuntu/projects/php-clean-code/tests/Unit/Rule/ConcreteRule/CCF04HorizontalSizeLimitTest.php" line="38" assertions="1" time="0.000616"/>
        </testsuite>
      </testsuite>
      <testsuite name="App\Tests\Unit\Rule\ConcreteRule\CCF03InstanceVariablesGroupedTest" file="/home/ubuntu/projects/php-clean-code/tests/Unit/Rule/ConcreteRule/CCF03InstanceVariablesGroupedTest.php" tests="2" assertions="2" errors="0" warnings="0" failures="0" skipped="0" time="0.001541">
        <testsuite name="App\Tests\Unit\Rule\ConcreteRule\CCF03InstanceVariablesGroupedTest::testViolation" tests="1" assertions="1" errors="0" warnings="0" failures="0" skipped="0" time="0.000878">
          <testcase name="testViolation with data set #0" class="App\Tests\Unit\Rule\ConcreteRule\CCF03InstanceVariablesGroupedTest" classname="App.Tests.Unit.Rule.ConcreteRule.CCF03InstanceVariablesGroupedTest" file="/home/ubuntu/projects/php-clean-code/tests/Unit/Rule/ConcreteRule/CCF03InstanceVariablesGroupedTest.php" line="45" assertions="1" time="0.000878"/>
        </testsuite>
        <testsuite name="App\Tests\Unit\Rule\ConcreteRule\CCF03InstanceVariablesGroupedTest::testCompliance" tests="1" assertions="1" errors="0" warnings="0" failures="0" skipped="0" time="0.000663">
          <testcase name="testCompliance with data set #0" class="App\Tests\Unit\Rule\ConcreteRule\CCF03InstanceVariablesGroupedTest" classname="App.Tests.Unit.Rule.ConcreteRule.CCF03InstanceVariablesGroupedTest" file="/home/ubuntu/projects/php-clean-code/tests/Unit/Rule/ConcreteRule/CCF03InstanceVariablesGroupedTest.php" line="17" assertions="1" time="0.000663"/>
        </testsuite>
      </testsuite>
      <testsuite name="App\Tests\Unit\Rule\ConcreteRule\CCF01VerticalSizeLimitTest" file="/home/ubuntu/projects/php-clean-code/tests/Unit/Rule/ConcreteRule/CCF01VerticalSizeLimitTest.php" tests="3" assertions="3" errors="0" warnings="0" failures="0" skipped="0" time="0.001472">
        <testsuite name="App\Tests\Unit\Rule\ConcreteRule\CCF01VerticalSizeLimitTest::testViolation" tests="1" assertions="1" errors="0" warnings="0" failures="0" skipped="0" time="0.000607">
          <testcase name="testViolation with data set #0" class="App\Tests\Unit\Rule\ConcreteRule\CCF01VerticalSizeLimitTest" classname="App.Tests.Unit.Rule.ConcreteRule.CCF01VerticalSizeLimitTest" file="/home/ubuntu/projects/php-clean-code/tests/Unit/Rule/ConcreteRule/CCF01VerticalSizeLimitTest.php" line="39" assertions="1" time="0.000607"/>
        </testsuite>
        <testsuite name="App\Tests\Unit\Rule\ConcreteRule\CCF01VerticalSizeLimitTest::testCompliance" tests="1" assertions="1" errors="0" warnings="0" failures="0" skipped="0" time="0.000505">
          <testcase name="testCompliance with data set #0" class="App\Tests\Unit\Rule\ConcreteRule\CCF01VerticalSizeLimitTest" classname="App.Tests.Unit.Rule.ConcreteRule.CCF01VerticalSizeLimitTest" file="/home/ubuntu/projects/php-clean-code/tests/Unit/Rule/ConcreteRule/CCF01VerticalSizeLimitTest.php" line="19" assertions="1" time="0.000505"/>
        </testsuite>
        <testcase name="testGetName" class="App\Tests\Unit\Rule\ConcreteRule\CCF01VerticalSizeLimitTest" classname="App.Tests.Unit.Rule.ConcreteRule.CCF01VerticalSizeLimitTest" file="/home/ubuntu/projects/php-clean-code/tests/Unit/Rule/ConcreteRule/CCF01VerticalSizeLimitTest.php" line="13" assertions="1" time="0.000360"/>
      </testsuite>
      <testsuite name="App\Tests\Unit\Rule\ConcreteRule\CCN04PronounceableNamesTest" file="/home/ubuntu/projects/php-clean-code/tests/Unit/Rule/ConcreteRule/CCN04PronounceableNamesTest.php" tests="2" assertions="2" errors="0" warnings="0" failures="0" skipped="0" time="0.001602">
        <testsuite name="App\Tests\Unit\Rule\ConcreteRule\CCN04PronounceableNamesTest::testCompliance" tests="1" assertions="1" errors="0" warnings="0" failures="0" skipped="0" time="0.000823">
          <testcase name="testCompliance with data set #0" class="App\Tests\Unit\Rule\ConcreteRule\CCN04PronounceableNamesTest" classname="App.Tests.Unit.Rule.ConcreteRule.CCN04PronounceableNamesTest" file="/home/ubuntu/projects/php-clean-code/tests/Unit/Rule/ConcreteRule/CCN04PronounceableNamesTest.php" line="14" assertions="1" time="0.000823"/>
        </testsuite>
        <testsuite name="App\Tests\Unit\Rule\ConcreteRule\CCN04PronounceableNamesTest::testViolation" tests="1" assertions="1" errors="0" warnings="0" failures="0" skipped="0" time="0.000779">
          <testcase name="testViolation with data set #0" class="App\Tests\Unit\Rule\ConcreteRule\CCN04PronounceableNamesTest" classname="App.Tests.Unit.Rule.ConcreteRule.CCN04PronounceableNamesTest" file="/home/ubuntu/projects/php-clean-code/tests/Unit/Rule/ConcreteRule/CCN04PronounceableNamesTest.php" line="43" assertions="1" time="0.000779"/>
        </testsuite>
      </testsuite>
    </testsuite>
  </testsuite>
</testsuites>
